10:36:59,631 (main) DEBUG [DataNucleus.General] - Using PluginRegistry org.datanucleus.plugin.NonManagedPluginRegistry
10:36:59,682 (main) DEBUG [DataNucleus.General] - Registering bundle org.datanucleus.api.jdo version 5.1.7 at URL file:/C:/Users/Nicolas/Desktop/Sistrans%20iteracion/sistrans1/st-parranderos-jdo-est/lib/datanucleus-api-jdo-5.1.7.jar.
10:36:59,710 (main) DEBUG [DataNucleus.General] - Leyendo extension-points y extensiones del archivo de plug-in jar:file:/C:/Users/Nicolas/Desktop/Sistrans%20iteracion/sistrans1/st-parranderos-jdo-est/lib/datanucleus-api-jdo-5.1.7.jar!/plugin.xml.
10:36:59,720 (main) DEBUG [DataNucleus.General] - Registering bundle org.datanucleus version 5.1.10 at URL file:/C:/Users/Nicolas/Desktop/Sistrans%20iteracion/sistrans1/st-parranderos-jdo-est/lib/datanucleus-core-5.1.10.jar.
10:36:59,725 (main) DEBUG [DataNucleus.General] - Leyendo extension-points y extensiones del archivo de plug-in jar:file:/C:/Users/Nicolas/Desktop/Sistrans%20iteracion/sistrans1/st-parranderos-jdo-est/lib/datanucleus-core-5.1.10.jar!/plugin.xml.
10:36:59,732 (main) DEBUG [DataNucleus.General] - Registering bundle org.datanucleus.store.rdbms version 5.1.10 at URL file:/C:/Users/Nicolas/Desktop/Sistrans%20iteracion/sistrans1/st-parranderos-jdo-est/lib/datanucleus-rdbms-5.1.10.jar.
10:36:59,737 (main) DEBUG [DataNucleus.General] - Leyendo extension-points y extensiones del archivo de plug-in jar:file:/C:/Users/Nicolas/Desktop/Sistrans%20iteracion/sistrans1/st-parranderos-jdo-est/lib/datanucleus-rdbms-5.1.10.jar!/plugin.xml.
10:36:59,763 (main) DEBUG [DataNucleus.MetaData] - Analizando el MetaData "file:/C:/Users/Nicolas/Desktop/Sistrans%20iteracion/sistrans1/st-parranderos-jdo-est/target/classes/META-INF/persistence.xml" con handler "persistence" (validar="false")
10:36:59,782 (main) DEBUG [DataNucleus.Persistence] - Tipos de Java inicializando ...
10:36:59,851 (main) DEBUG [DataNucleus.Persistence] - Soporte para tipos de Java listo : tipos soportados = [B, [C, [D, [F, [I, [J, [Ljava.lang.Boolean;, [Ljava.lang.Byte;, [Ljava.lang.Character;, [Ljava.lang.Double;, [Ljava.lang.Enum;, [Ljava.lang.Float;, [Ljava.lang.Integer;, [Ljava.lang.Long;, [Ljava.lang.Number;, [Ljava.lang.Object;, [Ljava.lang.Short;, [Ljava.lang.String;, [Ljava.math.BigDecimal;, [Ljava.math.BigInteger;, [Ljava.util.Date;, [Ljava.util.Locale;, [S, [Z, boolean, byte, char, double, float, int, java.awt.Color, java.awt.image.BufferedImage, java.lang.Boolean, java.lang.Byte, java.lang.Character, java.lang.Class, java.lang.Double, java.lang.Enum, java.lang.Float, java.lang.Integer, java.lang.Long, java.lang.Number, java.lang.Short, java.lang.String, java.lang.StringBuffer, java.lang.StringBuilder, java.math.BigDecimal, java.math.BigInteger, java.net.URI, java.net.URL, java.sql.Date, java.sql.Time, java.sql.Timestamp, java.time.Duration, java.time.Instant, java.time.LocalDate, java.time.LocalDateTime, java.time.LocalTime, java.time.MonthDay, java.time.OffsetDateTime, java.time.OffsetTime, java.time.Period, java.time.Year, java.time.YearMonth, java.time.ZonedDateTime, java.time.ZoneId, java.time.ZoneOffset, java.util.ArrayList, java.util.Arrays$ArrayList, java.util.BitSet, java.util.Calendar, java.util.Collection, java.util.Currency, java.util.Date, java.util.GregorianCalendar, java.util.HashMap, java.util.HashSet, java.util.Hashtable, java.util.LinkedHashMap, java.util.LinkedHashSet, java.util.LinkedList, java.util.List, java.util.Locale, java.util.Map, java.util.Optional, java.util.PriorityQueue, java.util.Properties, java.util.Queue, java.util.Set, java.util.SortedMap, java.util.SortedSet, java.util.Stack, java.util.TimeZone, java.util.TreeMap, java.util.TreeSet, java.util.UUID, java.util.Vector, long, short
10:36:59,851 (main) DEBUG [DataNucleus.Persistence] - Inicializando TypeConverters ...
10:36:59,882 (main) DEBUG [DataNucleus.Persistence] - TypeConverters listo
10:36:59,882 (main) DEBUG [DataNucleus.Persistence] - TypeConverter(s) available for byte[] to : java.nio.ByteBuffer
10:36:59,882 (main) DEBUG [DataNucleus.Persistence] - TypeConverter(s) available for char[] to : java.nio.ByteBuffer
10:36:59,882 (main) DEBUG [DataNucleus.Persistence] - TypeConverter(s) available for double[] to : java.nio.ByteBuffer
10:36:59,882 (main) DEBUG [DataNucleus.Persistence] - TypeConverter(s) available for float[] to : java.nio.ByteBuffer
10:36:59,882 (main) DEBUG [DataNucleus.Persistence] - TypeConverter(s) available for int[] to : java.nio.ByteBuffer
10:36:59,883 (main) DEBUG [DataNucleus.Persistence] - TypeConverter(s) available for long[] to : java.nio.ByteBuffer
10:36:59,883 (main) DEBUG [DataNucleus.Persistence] - TypeConverter(s) available for [Ljava.math.BigDecimal; to : java.nio.ByteBuffer
10:36:59,883 (main) DEBUG [DataNucleus.Persistence] - TypeConverter(s) available for [Ljava.math.BigInteger; to : java.nio.ByteBuffer
10:36:59,883 (main) DEBUG [DataNucleus.Persistence] - TypeConverter(s) available for short[] to : java.nio.ByteBuffer
10:36:59,883 (main) DEBUG [DataNucleus.Persistence] - TypeConverter(s) available for boolean[] to : java.nio.ByteBuffer
10:36:59,883 (main) DEBUG [DataNucleus.Persistence] - TypeConverter(s) available for java.awt.Color to : java.lang.String,int[]
10:36:59,883 (main) DEBUG [DataNucleus.Persistence] - TypeConverter(s) available for java.awt.image.BufferedImage to : java.nio.ByteBuffer,byte[]
10:36:59,883 (main) DEBUG [DataNucleus.Persistence] - TypeConverter(s) available for java.io.Serializable to : java.nio.ByteBuffer,java.lang.String,byte[]
10:36:59,883 (main) DEBUG [DataNucleus.Persistence] - TypeConverter(s) available for java.lang.Boolean to : java.lang.Character,java.lang.Integer
10:36:59,883 (main) DEBUG [DataNucleus.Persistence] - TypeConverter(s) available for java.lang.Character to : java.lang.String
10:36:59,883 (main) DEBUG [DataNucleus.Persistence] - TypeConverter(s) available for java.lang.Class to : java.lang.String
10:36:59,883 (main) DEBUG [DataNucleus.Persistence] - TypeConverter(s) available for java.lang.Integer to : java.lang.String
10:36:59,883 (main) DEBUG [DataNucleus.Persistence] - TypeConverter(s) available for java.lang.Long to : java.lang.String
10:36:59,883 (main) DEBUG [DataNucleus.Persistence] - TypeConverter(s) available for java.lang.StringBuffer to : java.lang.String
10:36:59,883 (main) DEBUG [DataNucleus.Persistence] - TypeConverter(s) available for java.lang.StringBuilder to : java.lang.String
10:36:59,883 (main) DEBUG [DataNucleus.Persistence] - TypeConverter(s) available for java.math.BigDecimal to : java.lang.String,java.lang.Double
10:36:59,883 (main) DEBUG [DataNucleus.Persistence] - TypeConverter(s) available for java.math.BigInteger to : java.lang.String,java.lang.Long
10:36:59,883 (main) DEBUG [DataNucleus.Persistence] - TypeConverter(s) available for java.net.URI to : java.lang.String
10:36:59,884 (main) DEBUG [DataNucleus.Persistence] - TypeConverter(s) available for java.net.URL to : java.lang.String
10:36:59,884 (main) DEBUG [DataNucleus.Persistence] - TypeConverter(s) available for java.sql.Date to : java.lang.String,java.util.Date,java.lang.Long
10:36:59,884 (main) DEBUG [DataNucleus.Persistence] - TypeConverter(s) available for java.sql.Time to : java.lang.String,java.util.Date,java.lang.Long
10:36:59,884 (main) DEBUG [DataNucleus.Persistence] - TypeConverter(s) available for java.sql.Timestamp to : java.lang.String,java.util.Date,java.lang.Long
10:36:59,884 (main) DEBUG [DataNucleus.Persistence] - TypeConverter(s) available for java.time.Duration to : java.lang.String,java.lang.Double,java.lang.Long
10:36:59,884 (main) DEBUG [DataNucleus.Persistence] - TypeConverter(s) available for java.time.Instant to : java.lang.String,java.util.Date,java.lang.Long,java.sql.Timestamp
10:36:59,884 (main) DEBUG [DataNucleus.Persistence] - TypeConverter(s) available for java.time.LocalDate to : java.lang.String,java.util.Date,java.sql.Date
10:36:59,884 (main) DEBUG [DataNucleus.Persistence] - TypeConverter(s) available for java.time.LocalDateTime to : java.lang.String,java.util.Date,java.sql.Timestamp
10:36:59,884 (main) DEBUG [DataNucleus.Persistence] - TypeConverter(s) available for java.time.LocalTime to : java.lang.String,java.util.Date,java.lang.Long,java.sql.Time
10:36:59,884 (main) DEBUG [DataNucleus.Persistence] - TypeConverter(s) available for java.time.MonthDay to : java.lang.String,java.util.Date,java.sql.Date,int[]
10:36:59,884 (main) DEBUG [DataNucleus.Persistence] - TypeConverter(s) available for java.time.OffsetDateTime to : java.lang.String,java.util.Date,java.sql.Timestamp
10:36:59,884 (main) DEBUG [DataNucleus.Persistence] - TypeConverter(s) available for java.time.OffsetTime to : java.lang.String,java.lang.Long,java.sql.Time
10:36:59,884 (main) DEBUG [DataNucleus.Persistence] - TypeConverter(s) available for java.time.Period to : java.lang.String,int[]
10:36:59,884 (main) DEBUG [DataNucleus.Persistence] - TypeConverter(s) available for java.time.Year to : java.lang.String,java.lang.Integer
10:36:59,884 (main) DEBUG [DataNucleus.Persistence] - TypeConverter(s) available for java.time.YearMonth to : java.lang.String,java.util.Date,java.sql.Date,int[]
10:36:59,885 (main) DEBUG [DataNucleus.Persistence] - TypeConverter(s) available for java.time.ZonedDateTime to : java.lang.String,java.sql.Timestamp
10:36:59,885 (main) DEBUG [DataNucleus.Persistence] - TypeConverter(s) available for java.time.ZoneId to : java.lang.String
10:36:59,885 (main) DEBUG [DataNucleus.Persistence] - TypeConverter(s) available for java.time.ZoneOffset to : java.lang.String
10:36:59,885 (main) DEBUG [DataNucleus.Persistence] - TypeConverter(s) available for java.util.BitSet to : java.lang.String
10:36:59,885 (main) DEBUG [DataNucleus.Persistence] - TypeConverter(s) available for java.util.Calendar to : java.lang.String,java.util.Date,[Ljava.lang.Object;,java.sql.Timestamp
10:36:59,885 (main) DEBUG [DataNucleus.Persistence] - TypeConverter(s) available for java.util.Currency to : java.lang.String
10:36:59,885 (main) DEBUG [DataNucleus.Persistence] - TypeConverter(s) available for java.util.Date to : java.lang.String,java.lang.Long
10:36:59,885 (main) DEBUG [DataNucleus.Persistence] - TypeConverter(s) available for java.util.Locale to : java.lang.String
10:36:59,885 (main) DEBUG [DataNucleus.Persistence] - TypeConverter(s) available for java.util.TimeZone to : java.lang.String
10:36:59,885 (main) DEBUG [DataNucleus.Persistence] - TypeConverter(s) available for java.util.UUID to : java.lang.String
10:36:59,885 (main) DEBUG [DataNucleus.MetaData] - MetaDataManager : Input=(XML,Annotations), XML-Validation=false, XML-Suffices=(persistence=*.jdo, orm=orm, query=*.jdoquery) mapping-name=oracle, JDO-listener=false
10:36:59,885 (main) DEBUG [DataNucleus.MetaData] - MetaData Management : Carga de Metadata del persistence-unit "SuperAndes" ...
10:36:59,886 (main) DEBUG [DataNucleus.MetaData] - MetaData Management : Carga de Metadata ya ha terminado
10:36:59,888 (main) DEBUG [DataNucleus.Datastore] - Creating StoreManager for datastore
10:37:00,316 (main) DEBUG [DataNucleus.Connection] - Creado ConnectionPool "tx" con data source de tipo dbcp2-builtin
10:37:00,317 (main) DEBUG [DataNucleus.Connection] - Registrado la factoria de connecciones transaccionales bajo el nombre "rdbms/tx"
10:37:00,317 (main) DEBUG [DataNucleus.Connection] - Registrado la factoria de connecciones nontransaccionales bajo el nombre "rdbms/nontx"
10:37:00,328 (main) DEBUG [DataNucleus.Connection] - Creado ConnectionPool "nontx" con data source de tipo dbcp2-builtin
10:37:01,243 (main) DEBUG [DataNucleus.Connection] - ManagedConnection ABIERTO : "org.datanucleus.store.rdbms.ConnectionFactoryImpl$ManagedConnectionImpl@63376bed [conn=null, commitOnRelease=true, closeOnRelease=true, closeOnTxnEnd=true]" en resource "nontx"
10:37:01,557 (main) DEBUG [DataNucleus.Datastore] - No Soportando el tipo RDBMS de Java java.lang.Boolean, jdbc-type=BOOLEAN
10:37:01,557 (main) DEBUG [DataNucleus.Datastore] - Soporte de RDBMS configurado para el tipo "[B" con jdbc-types=[BLOB, VARBINARY, LONGVARBINARY], sql-types=[BLOB, VARBINARY, LONGVARBINARY] y defecto (jdbc-type=BLOB, sql-type=BLOB)
10:37:01,557 (main) DEBUG [DataNucleus.Datastore] - Soporte de RDBMS configurado para el tipo "java.io.File" con jdbc-types=[LONGVARBINARY], sql-types=[LONGVARBINARY] y defecto (jdbc-type=LONGVARBINARY, sql-type=LONGVARBINARY)
10:37:01,557 (main) DEBUG [DataNucleus.Datastore] - Soporte de RDBMS configurado para el tipo "java.io.Serializable" con jdbc-types=[BLOB, VARBINARY, LONGVARBINARY], sql-types=[BLOB, VARBINARY, LONGVARBINARY] y defecto (jdbc-type=BLOB, sql-type=BLOB)
10:37:01,558 (main) DEBUG [DataNucleus.Datastore] - Soporte de RDBMS configurado para el tipo "java.lang.Boolean" con jdbc-types=[NUMERIC, SMALLINT, CHAR, BIT, TINYINT], sql-types=[NUMERIC, SMALLINT, CHAR, BIT, TINYINT] y defecto (jdbc-type=NUMERIC, sql-type=NUMERIC)
10:37:01,558 (main) DEBUG [DataNucleus.Datastore] - Soporte de RDBMS configurado para el tipo "java.lang.Byte" con jdbc-types=[NUMERIC, SMALLINT, TINYINT], sql-types=[NUMERIC, SMALLINT, TINYINT] y defecto (jdbc-type=NUMERIC, sql-type=NUMERIC)
10:37:01,558 (main) DEBUG [DataNucleus.Datastore] - Soporte de RDBMS configurado para el tipo "java.lang.Character" con jdbc-types=[NUMERIC, CHAR, INTEGER], sql-types=[NUMERIC, CHAR, INTEGER] y defecto (jdbc-type=CHAR, sql-type=CHAR)
10:37:01,558 (main) DEBUG [DataNucleus.Datastore] - Soporte de RDBMS configurado para el tipo "java.lang.Double" con jdbc-types=[FLOAT, NUMERIC, DECIMAL, DOUBLE], sql-types=[FLOAT, NUMBER, DECIMAL, DOUBLE] y defecto (jdbc-type=FLOAT, sql-type=FLOAT)
10:37:01,558 (main) DEBUG [DataNucleus.Datastore] - Soporte de RDBMS configurado para el tipo "java.lang.Float" con jdbc-types=[FLOAT, NUMERIC, REAL, DECIMAL, DOUBLE], sql-types=[FLOAT, NUMBER, REAL, DECIMAL, DOUBLE] y defecto (jdbc-type=FLOAT, sql-type=FLOAT)
10:37:01,558 (main) DEBUG [DataNucleus.Datastore] - Soporte de RDBMS configurado para el tipo "java.lang.Integer" con jdbc-types=[NUMERIC, SMALLINT, BIGINT, TINYINT, INTEGER], sql-types=[NUMERIC, NUMBER, SMALLINT, BIGINT, TINYINT, INTEGER] y defecto (jdbc-type=NUMERIC, sql-type=NUMERIC)
10:37:01,558 (main) DEBUG [DataNucleus.Datastore] - Soporte de RDBMS configurado para el tipo "java.lang.Long" con jdbc-types=[NUMERIC, SMALLINT, BIGINT, TINYINT, INTEGER], sql-types=[NUMERIC, NUMBER, SMALLINT, BIGINT, INT, TINYINT] y defecto (jdbc-type=NUMERIC, sql-type=NUMERIC)
10:37:01,558 (main) DEBUG [DataNucleus.Datastore] - Soporte de RDBMS configurado para el tipo "java.lang.Short" con jdbc-types=[NUMERIC, SMALLINT, TINYINT, INTEGER], sql-types=[NUMERIC, NUMBER, SMALLINT, TINYINT, INTEGER] y defecto (jdbc-type=NUMERIC, sql-type=NUMERIC)
10:37:01,559 (main) DEBUG [DataNucleus.Datastore] - Soporte de RDBMS configurado para el tipo "java.lang.String" con jdbc-types=[XMLTYPE, BLOB, LONGVARCHAR, CLOB, VARCHAR, CHAR, BIGINT, NVARCHAR, NCHAR], sql-types=[NVARCHAR2, XMLTYPE, BLOB, LONGVARCHAR, CLOB, VARCHAR, CHAR, BIGINT, NVARCHAR, NCHAR] y defecto (jdbc-type=VARCHAR, sql-type=VARCHAR)
10:37:01,559 (main) DEBUG [DataNucleus.Datastore] - Soporte de RDBMS configurado para el tipo "java.math.BigDecimal" con jdbc-types=[NUMERIC, DECIMAL], sql-types=[NUMERIC, NUMBER, DECIMAL] y defecto (jdbc-type=NUMERIC, sql-type=NUMERIC)
10:37:01,559 (main) DEBUG [DataNucleus.Datastore] - Soporte de RDBMS configurado para el tipo "java.math.BigInteger" con jdbc-types=[NUMERIC], sql-types=[NUMERIC, NUMBER] y defecto (jdbc-type=NUMERIC, sql-type=NUMERIC)
10:37:01,559 (main) DEBUG [DataNucleus.Datastore] - Soporte de RDBMS configurado para el tipo "java.sql.Date" con jdbc-types=[DATE, TIMESTAMP, VARCHAR, CHAR, BIGINT], sql-types=[DATE, TIMESTAMP, VARCHAR, CHAR, BIGINT] y defecto (jdbc-type=DATE, sql-type=DATE)
10:37:01,559 (main) DEBUG [DataNucleus.Datastore] - Soporte de RDBMS configurado para el tipo "java.sql.Time" con jdbc-types=[TIMESTAMP, VARCHAR, CHAR, TIME, BIGINT], sql-types=[TIMESTAMP, VARCHAR, CHAR, TIME, BIGINT] y defecto (jdbc-type=TIME, sql-type=TIME)
10:37:01,559 (main) DEBUG [DataNucleus.Datastore] - Soporte de RDBMS configurado para el tipo "java.sql.Timestamp" con jdbc-types=[DATE, TIMESTAMP, VARCHAR, CHAR, TIME], sql-types=[DATE, TIMESTAMP, VARCHAR, CHAR, TIME] y defecto (jdbc-type=TIMESTAMP, sql-type=TIMESTAMP)
10:37:01,560 (main) DEBUG [DataNucleus.Datastore] - Soporte de RDBMS configurado para el tipo "java.util.Date" con jdbc-types=[DATE, TIMESTAMP, VARCHAR, CHAR, TIME, BIGINT], sql-types=[DATE, TIMESTAMP, VARCHAR, CHAR, TIME, BIGINT] y defecto (jdbc-type=TIMESTAMP, sql-type=TIMESTAMP)
10:37:01,560 (main) DEBUG [DataNucleus.Datastore] - Soporte de RDBMS configurado para el tipo "org.datanucleus.identity.DatastoreId" con jdbc-types=[NUMERIC, VARCHAR, CHAR, BIGINT, INTEGER], sql-types=[NUMERIC, VARCHAR, CHAR, BIGINT, INTEGER] y defecto (jdbc-type=NUMERIC, sql-type=NUMERIC)
10:37:01,590 (main) DEBUG [DataNucleus.Datastore] - ======================= Datastore =========================
10:37:01,591 (main) DEBUG [DataNucleus.Datastore] - StoreManager : "rdbms" (org.datanucleus.store.rdbms.RDBMSStoreManager)
10:37:01,591 (main) DEBUG [DataNucleus.Datastore] - Datastore : read-write
10:37:01,591 (main) DEBUG [DataNucleus.Datastore] - Schema Control : AutoCreate(None), Validate(None)
10:37:01,592 (main) DEBUG [DataNucleus.Datastore] - Schema : NamingFactory=datanucleus2 identifierCase=null
10:37:01,592 (main) DEBUG [DataNucleus.Datastore] - Query Languages : JDOQL, JPQL, STOREDPROC, SQL
10:37:01,592 (main) DEBUG [DataNucleus.Datastore] - Queries : Timeout=0
10:37:01,592 (main) DEBUG [DataNucleus.Datastore] - ===========================================================
10:37:01,593 (main) DEBUG [DataNucleus.Datastore] - Datastore Adapter : org.datanucleus.store.rdbms.adapter.OracleAdapter
10:37:01,593 (main) DEBUG [DataNucleus.Datastore] - Datastore : name="Oracle" version="Oracle Database 12c Enterprise Edition Release 12.1.0.2.0 - 64bit Production
With the Partitioning, OLAP, Advanced Analytics and Real Application Testing options"
10:37:01,593 (main) DEBUG [DataNucleus.Datastore] - Datastore Driver : name="Oracle JDBC driver" version="12.2.0.1.0"
10:37:01,593 (main) DEBUG [DataNucleus.Datastore] - Primary Connection Factory : URL[jdbc:oracle:thin:@fn3.oracle.virtual.uniandes.edu.co:1521:prod]
10:37:01,593 (main) DEBUG [DataNucleus.Datastore] - Secondary Connection Factory : URL[jdbc:oracle:thin:@fn3.oracle.virtual.uniandes.edu.co:1521:prod]
10:37:01,594 (main) DEBUG [DataNucleus.Datastore] - Datastore Identifiers : factory="datanucleus2" case=UPPERCASE schema=ISIS2304A101820
10:37:01,594 (main) DEBUG [DataNucleus.Datastore] - Supported Identifier Cases : "MixedCase" UPPERCASE "MixedCase-Sensitive" 
10:37:01,595 (main) DEBUG [DataNucleus.Datastore] - Supported Identifier Lengths (max) : Table=30 Column=30 Constraint=30 Index=30 Delimiter="
10:37:01,596 (main) DEBUG [DataNucleus.Datastore] - Support for Identifiers in DDL : catalog=false schema=true
10:37:01,596 (main) DEBUG [DataNucleus.Datastore] - Datastore : checkTableViewExistence, rdbmsConstraintCreateMode=DataNucleus, initialiseColumnInfo=ALL
10:37:01,596 (main) DEBUG [DataNucleus.Datastore] - Support Statement Batching : yes (max-batch-size=50)
10:37:01,596 (main) DEBUG [DataNucleus.Datastore] - Queries : Results direction=forward, type=forward-only, concurrency=read-only
10:37:01,597 (main) DEBUG [DataNucleus.Datastore] - Java-Types : string-default-length=255
10:37:01,597 (main) DEBUG [DataNucleus.Datastore] - JDBC-Types : NCLOB, NCHAR, [id=2007], REF, CLOB, BLOB, ARRAY, STRUCT, DATE, TIME, TIMESTAMP, VARCHAR, LONGVARCHAR, VARBINARY, LONGVARBINARY, BIGINT, TINYINT, BIT, NVARCHAR, [id=-101], CHAR, [id=-103], NUMERIC, [id=-102], DECIMAL, INTEGER, SMALLINT, FLOAT, REAL, DOUBLE, [id=-104]
10:37:01,598 (main) DEBUG [DataNucleus.Datastore] - ===========================================================
10:37:01,598 (main) DEBUG [DataNucleus.Connection] - ManagedConnection CERRADO : "org.datanucleus.store.rdbms.ConnectionFactoryImpl$ManagedConnectionImpl@63376bed [conn=org.datanucleus.store.rdbms.datasource.dbcp2.PoolingDataSource$PoolGuardConnectionWrapper@6b6776cb, commitOnRelease=true, closeOnRelease=true, closeOnTxnEnd=true]" 
10:37:01,600 (main) DEBUG [DataNucleus.Datastore] - StoreManager now created
10:37:01,610 (main) DEBUG [DataNucleus.Persistence] - Started pool of ExecutionContext (maxPool=20, reaperThread=false)
10:37:01,627 (main) DEBUG [DataNucleus.Persistence] - ================= NucleusContext ===============
10:37:01,628 (main) DEBUG [DataNucleus.Persistence] - DataNucleus Context : Versi贸n: "5.1.10" con JRE "1.8.0_181" en "Windows 10"
10:37:01,628 (main) DEBUG [DataNucleus.Persistence] - Persistence API : JDO
10:37:01,628 (main) DEBUG [DataNucleus.Persistence] - Persistence-Unit : SuperAndes
10:37:01,629 (main) DEBUG [DataNucleus.Persistence] - Plugin Registry : org.datanucleus.plugin.NonManagedPluginRegistry
10:37:01,629 (main) DEBUG [DataNucleus.Persistence] - ClassLoading : default
10:37:01,629 (main) DEBUG [DataNucleus.Persistence] - Persistence : pm-singlethreaded, nontransactional-read, nontransactional-write, reachability-at-commit, copy-on-attach, managed-relations(checked), deletion-policy=JDO2, serverTimeZone=America/Bogota
10:37:01,629 (main) DEBUG [DataNucleus.Persistence] - Transactions : type=RESOURCE_LOCAL, mode=datastore, isolation=read-committed
10:37:01,629 (main) DEBUG [DataNucleus.Persistence] - ValueGeneration : txn-isolation=read-committed connection=New
10:37:01,629 (main) DEBUG [DataNucleus.Persistence] - Cache : Level1 (soft), Level2 (soft, mode=UNSPECIFIED), QueryResults (soft), Collections/Maps 
10:37:01,629 (main) DEBUG [DataNucleus.Persistence] - ================================================
10:37:01,680 (main) DEBUG [DataNucleus.Persistence] - ExecutionContext "org.datanucleus.ExecutionContextImpl@1fd14d74" se abri贸 para la base de datos "org.datanucleus.store.rdbms.RDBMSStoreManager@563e4951" con transaccion="org.datanucleus.TransactionImpl@4066c471"
10:37:01,709 (main) DEBUG [DataNucleus.Query] - Query de SQL : "SELECT * FROM A_CARRITO"
10:37:01,739 (main) DEBUG [DataNucleus.Connection] - ManagedConnection ABIERTO : "org.datanucleus.store.rdbms.ConnectionFactoryImpl$ManagedConnectionImpl@53251a66 [conn=org.datanucleus.store.rdbms.datasource.dbcp2.PoolingDataSource$PoolGuardConnectionWrapper@6853425f, commitOnRelease=true, closeOnRelease=true, closeOnTxnEnd=true]" en resource "nontx" con isolaci贸n "read-committed" y auto-commit=false
10:37:01,834 (main) DEBUG [DataNucleus.Datastore] - Utilizando PreparedStatement "oracle.jdbc.driver.OraclePreparedStatementWrapper@1869fbd2" para la conneccion "org.datanucleus.store.rdbms.datasource.dbcp2.PoolingDataSource$PoolGuardConnectionWrapper@6853425f"
10:37:01,839 (main) DEBUG [DataNucleus.Datastore.Native] - SELECT * FROM A_CARRITO
10:37:01,850 (main) DEBUG [DataNucleus.Datastore.Retrieve] - SQL Tiempo de cumplir = 11 ms
10:37:01,866 (main) DEBUG [DataNucleus.Connection] - ManagedConnection VA A COMMIT : "org.datanucleus.store.rdbms.ConnectionFactoryImpl$ManagedConnectionImpl@53251a66 [conn=org.datanucleus.store.rdbms.datasource.dbcp2.PoolingDataSource$PoolGuardConnectionWrapper@6853425f, commitOnRelease=true, closeOnRelease=true, closeOnTxnEnd=true]"
10:37:01,872 (main) DEBUG [DataNucleus.Query] - Leyendo los resultados del query "org.datanucleus.store.rdbms.query.SQLQuery@21cacce4" como la conneccion va a cerrar o cometer
10:37:01,875 (main) DEBUG [DataNucleus.Query] - La clase de resultado "uniandes.isis2304.parranderos.negocio.Carrito" no tiene un constructor con arguments de tipos [class java.math.BigDecimal, class java.lang.String, class java.math.BigDecimal, class java.math.BigDecimal]
10:37:01,877 (main) DEBUG [DataNucleus.Query] - ResultObject set field=ID using reflection
10:37:01,877 (main) DEBUG [DataNucleus.Query] - ResultObject set field=CLAVE using reflection
10:37:01,877 (main) DEBUG [DataNucleus.Query] - La clase de resultado "uniandes.isis2304.parranderos.negocio.Carrito" no tiene un campo publico "sucursal"
10:37:01,878 (main) DEBUG [DataNucleus.Query] - ResultObject set field=SUCURSAL using setSucursal() method after converting value
10:37:01,880 (main) DEBUG [DataNucleus.Query] - La clase de resultado "uniandes.isis2304.parranderos.negocio.Carrito" no tiene un constructor con arguments de tipos [class java.math.BigDecimal, class java.lang.String, class java.math.BigDecimal, class java.math.BigDecimal]
10:37:01,880 (main) DEBUG [DataNucleus.Query] - ResultObject set field=ID using reflection
10:37:01,880 (main) DEBUG [DataNucleus.Query] - ResultObject set field=CLAVE using reflection
10:37:01,880 (main) DEBUG [DataNucleus.Query] - La clase de resultado "uniandes.isis2304.parranderos.negocio.Carrito" no tiene un campo publico "sucursal"
10:37:01,880 (main) DEBUG [DataNucleus.Query] - ResultObject set field=SUCURSAL using setSucursal() method after converting value
10:37:01,881 (main) DEBUG [DataNucleus.Query] - La clase de resultado "uniandes.isis2304.parranderos.negocio.Carrito" no tiene un constructor con arguments de tipos [class java.math.BigDecimal, class java.lang.String, class java.math.BigDecimal, class java.math.BigDecimal]
10:37:01,881 (main) DEBUG [DataNucleus.Query] - ResultObject set field=ID using reflection
10:37:01,881 (main) DEBUG [DataNucleus.Query] - ResultObject set field=CLAVE using reflection
10:37:01,881 (main) DEBUG [DataNucleus.Query] - La clase de resultado "uniandes.isis2304.parranderos.negocio.Carrito" no tiene un campo publico "sucursal"
10:37:01,881 (main) DEBUG [DataNucleus.Query] - ResultObject set field=SUCURSAL using setSucursal() method after converting value
10:37:01,881 (main) DEBUG [DataNucleus.Query] - La clase de resultado "uniandes.isis2304.parranderos.negocio.Carrito" no tiene un constructor con arguments de tipos [class java.math.BigDecimal, class java.lang.String, class java.math.BigDecimal, class java.math.BigDecimal]
10:37:01,882 (main) DEBUG [DataNucleus.Query] - ResultObject set field=ID using reflection
10:37:01,882 (main) DEBUG [DataNucleus.Query] - ResultObject set field=CLAVE using reflection
10:37:01,882 (main) DEBUG [DataNucleus.Query] - La clase de resultado "uniandes.isis2304.parranderos.negocio.Carrito" no tiene un campo publico "sucursal"
10:37:01,882 (main) DEBUG [DataNucleus.Query] - ResultObject set field=SUCURSAL using setSucursal() method after converting value
10:37:01,882 (main) DEBUG [DataNucleus.Query] - La clase de resultado "uniandes.isis2304.parranderos.negocio.Carrito" no tiene un constructor con arguments de tipos [class java.math.BigDecimal, class java.lang.String, class java.math.BigDecimal, class java.math.BigDecimal]
10:37:01,882 (main) DEBUG [DataNucleus.Query] - ResultObject set field=ID using reflection
10:37:01,883 (main) DEBUG [DataNucleus.Query] - ResultObject set field=CLAVE using reflection
10:37:01,883 (main) DEBUG [DataNucleus.Query] - La clase de resultado "uniandes.isis2304.parranderos.negocio.Carrito" no tiene un campo publico "sucursal"
10:37:01,883 (main) DEBUG [DataNucleus.Query] - ResultObject set field=SUCURSAL using setSucursal() method after converting value
10:37:01,883 (main) DEBUG [DataNucleus.Query] - La clase de resultado "uniandes.isis2304.parranderos.negocio.Carrito" no tiene un constructor con arguments de tipos [class java.math.BigDecimal, class java.lang.String, class java.math.BigDecimal, class java.math.BigDecimal]
10:37:01,883 (main) DEBUG [DataNucleus.Query] - ResultObject set field=ID using reflection
10:37:01,883 (main) DEBUG [DataNucleus.Query] - ResultObject set field=CLAVE using reflection
10:37:01,884 (main) DEBUG [DataNucleus.Query] - La clase de resultado "uniandes.isis2304.parranderos.negocio.Carrito" no tiene un campo publico "sucursal"
10:37:01,884 (main) DEBUG [DataNucleus.Query] - ResultObject set field=SUCURSAL using setSucursal() method after converting value
10:37:01,884 (main) DEBUG [DataNucleus.Query] - La clase de resultado "uniandes.isis2304.parranderos.negocio.Carrito" no tiene un constructor con arguments de tipos [class java.math.BigDecimal, class java.lang.String, class java.math.BigDecimal, class java.math.BigDecimal]
10:37:01,884 (main) DEBUG [DataNucleus.Query] - ResultObject set field=ID using reflection
10:37:01,884 (main) DEBUG [DataNucleus.Query] - ResultObject set field=CLAVE using reflection
10:37:01,884 (main) DEBUG [DataNucleus.Query] - La clase de resultado "uniandes.isis2304.parranderos.negocio.Carrito" no tiene un campo publico "sucursal"
10:37:01,885 (main) DEBUG [DataNucleus.Query] - ResultObject set field=SUCURSAL using setSucursal() method after converting value
10:37:01,885 (main) DEBUG [DataNucleus.Query] - La clase de resultado "uniandes.isis2304.parranderos.negocio.Carrito" no tiene un constructor con arguments de tipos [class java.math.BigDecimal, class java.lang.String, class java.math.BigDecimal, class java.math.BigDecimal]
10:37:01,885 (main) DEBUG [DataNucleus.Query] - ResultObject set field=ID using reflection
10:37:01,885 (main) DEBUG [DataNucleus.Query] - ResultObject set field=CLAVE using reflection
10:37:01,885 (main) DEBUG [DataNucleus.Query] - La clase de resultado "uniandes.isis2304.parranderos.negocio.Carrito" no tiene un campo publico "sucursal"
10:37:01,886 (main) DEBUG [DataNucleus.Query] - ResultObject set field=SUCURSAL using setSucursal() method after converting value
10:37:01,886 (main) DEBUG [DataNucleus.Query] - La clase de resultado "uniandes.isis2304.parranderos.negocio.Carrito" no tiene un constructor con arguments de tipos [class java.math.BigDecimal, class java.lang.String, class java.math.BigDecimal, class java.math.BigDecimal]
10:37:01,886 (main) DEBUG [DataNucleus.Query] - ResultObject set field=ID using reflection
10:37:01,886 (main) DEBUG [DataNucleus.Query] - ResultObject set field=CLAVE using reflection
10:37:01,886 (main) DEBUG [DataNucleus.Query] - La clase de resultado "uniandes.isis2304.parranderos.negocio.Carrito" no tiene un campo publico "sucursal"
10:37:01,886 (main) DEBUG [DataNucleus.Query] - ResultObject set field=SUCURSAL using setSucursal() method after converting value
10:37:01,887 (main) DEBUG [DataNucleus.Query] - La clase de resultado "uniandes.isis2304.parranderos.negocio.Carrito" no tiene un constructor con arguments de tipos [class java.math.BigDecimal, class java.lang.String, class java.math.BigDecimal, class java.math.BigDecimal]
10:37:01,887 (main) DEBUG [DataNucleus.Query] - ResultObject set field=ID using reflection
10:37:01,887 (main) DEBUG [DataNucleus.Query] - ResultObject set field=CLAVE using reflection
10:37:01,887 (main) DEBUG [DataNucleus.Query] - La clase de resultado "uniandes.isis2304.parranderos.negocio.Carrito" no tiene un campo publico "sucursal"
10:37:01,887 (main) DEBUG [DataNucleus.Query] - ResultObject set field=SUCURSAL using setSucursal() method after converting value
10:37:01,893 (main) DEBUG [DataNucleus.Query] - La clase de resultado "uniandes.isis2304.parranderos.negocio.Carrito" no tiene un constructor con arguments de tipos [class java.math.BigDecimal, class java.lang.String, class java.math.BigDecimal, class java.math.BigDecimal]
10:37:01,893 (main) DEBUG [DataNucleus.Query] - ResultObject set field=ID using reflection
10:37:01,893 (main) DEBUG [DataNucleus.Query] - ResultObject set field=CLAVE using reflection
10:37:01,893 (main) DEBUG [DataNucleus.Query] - La clase de resultado "uniandes.isis2304.parranderos.negocio.Carrito" no tiene un campo publico "sucursal"
10:37:01,894 (main) DEBUG [DataNucleus.Query] - ResultObject set field=SUCURSAL using setSucursal() method after converting value
10:37:01,894 (main) DEBUG [DataNucleus.Query] - La clase de resultado "uniandes.isis2304.parranderos.negocio.Carrito" no tiene un constructor con arguments de tipos [class java.math.BigDecimal, class java.lang.String, class java.math.BigDecimal, class java.math.BigDecimal]
10:37:01,894 (main) DEBUG [DataNucleus.Query] - ResultObject set field=ID using reflection
10:37:01,894 (main) DEBUG [DataNucleus.Query] - ResultObject set field=CLAVE using reflection
10:37:01,894 (main) DEBUG [DataNucleus.Query] - La clase de resultado "uniandes.isis2304.parranderos.negocio.Carrito" no tiene un campo publico "sucursal"
10:37:01,894 (main) DEBUG [DataNucleus.Query] - ResultObject set field=SUCURSAL using setSucursal() method after converting value
10:37:01,895 (main) DEBUG [DataNucleus.Query] - La clase de resultado "uniandes.isis2304.parranderos.negocio.Carrito" no tiene un constructor con arguments de tipos [class java.math.BigDecimal, class java.lang.String, class java.math.BigDecimal, class java.math.BigDecimal]
10:37:01,895 (main) DEBUG [DataNucleus.Query] - ResultObject set field=ID using reflection
10:37:01,896 (main) DEBUG [DataNucleus.Query] - ResultObject set field=CLAVE using reflection
10:37:01,896 (main) DEBUG [DataNucleus.Query] - La clase de resultado "uniandes.isis2304.parranderos.negocio.Carrito" no tiene un campo publico "sucursal"
10:37:01,896 (main) DEBUG [DataNucleus.Query] - ResultObject set field=SUCURSAL using setSucursal() method after converting value
10:37:01,896 (main) DEBUG [DataNucleus.Query] - La clase de resultado "uniandes.isis2304.parranderos.negocio.Carrito" no tiene un constructor con arguments de tipos [class java.math.BigDecimal, class java.lang.String, class java.math.BigDecimal, class java.math.BigDecimal]
10:37:01,896 (main) DEBUG [DataNucleus.Query] - ResultObject set field=ID using reflection
10:37:01,896 (main) DEBUG [DataNucleus.Query] - ResultObject set field=CLAVE using reflection
10:37:01,896 (main) DEBUG [DataNucleus.Query] - La clase de resultado "uniandes.isis2304.parranderos.negocio.Carrito" no tiene un campo publico "sucursal"
10:37:01,896 (main) DEBUG [DataNucleus.Query] - ResultObject set field=SUCURSAL using setSucursal() method after converting value
10:37:01,896 (main) DEBUG [DataNucleus.Query] - La clase de resultado "uniandes.isis2304.parranderos.negocio.Carrito" no tiene un constructor con arguments de tipos [class java.math.BigDecimal, class java.lang.String, class java.math.BigDecimal, class java.math.BigDecimal]
10:37:01,897 (main) DEBUG [DataNucleus.Query] - ResultObject set field=ID using reflection
10:37:01,897 (main) DEBUG [DataNucleus.Query] - ResultObject set field=CLAVE using reflection
10:37:01,897 (main) DEBUG [DataNucleus.Query] - La clase de resultado "uniandes.isis2304.parranderos.negocio.Carrito" no tiene un campo publico "sucursal"
10:37:01,897 (main) DEBUG [DataNucleus.Query] - ResultObject set field=SUCURSAL using setSucursal() method after converting value
10:37:01,897 (main) DEBUG [DataNucleus.Query] - La clase de resultado "uniandes.isis2304.parranderos.negocio.Carrito" no tiene un constructor con arguments de tipos [class java.math.BigDecimal, class java.lang.String, class java.math.BigDecimal, class java.math.BigDecimal]
10:37:01,898 (main) DEBUG [DataNucleus.Query] - ResultObject set field=ID using reflection
10:37:01,899 (main) DEBUG [DataNucleus.Query] - ResultObject set field=CLAVE using reflection
10:37:01,899 (main) DEBUG [DataNucleus.Query] - La clase de resultado "uniandes.isis2304.parranderos.negocio.Carrito" no tiene un campo publico "sucursal"
10:37:01,900 (main) DEBUG [DataNucleus.Query] - ResultObject set field=SUCURSAL using setSucursal() method after converting value
10:37:01,901 (main) DEBUG [DataNucleus.Query] - La clase de resultado "uniandes.isis2304.parranderos.negocio.Carrito" no tiene un constructor con arguments de tipos [class java.math.BigDecimal, class java.lang.String, class java.math.BigDecimal, class java.math.BigDecimal]
10:37:01,901 (main) DEBUG [DataNucleus.Query] - ResultObject set field=ID using reflection
10:37:01,901 (main) DEBUG [DataNucleus.Query] - ResultObject set field=CLAVE using reflection
10:37:01,901 (main) DEBUG [DataNucleus.Query] - La clase de resultado "uniandes.isis2304.parranderos.negocio.Carrito" no tiene un campo publico "sucursal"
10:37:01,902 (main) DEBUG [DataNucleus.Query] - ResultObject set field=SUCURSAL using setSucursal() method after converting value
10:37:01,902 (main) DEBUG [DataNucleus.Query] - La clase de resultado "uniandes.isis2304.parranderos.negocio.Carrito" no tiene un constructor con arguments de tipos [class java.math.BigDecimal, class java.lang.String, class java.math.BigDecimal, class java.math.BigDecimal]
10:37:01,902 (main) DEBUG [DataNucleus.Query] - ResultObject set field=ID using reflection
10:37:01,903 (main) DEBUG [DataNucleus.Query] - ResultObject set field=CLAVE using reflection
10:37:01,903 (main) DEBUG [DataNucleus.Query] - La clase de resultado "uniandes.isis2304.parranderos.negocio.Carrito" no tiene un campo publico "sucursal"
10:37:01,903 (main) DEBUG [DataNucleus.Query] - ResultObject set field=SUCURSAL using setSucursal() method after converting value
10:37:01,903 (main) DEBUG [DataNucleus.Query] - La clase de resultado "uniandes.isis2304.parranderos.negocio.Carrito" no tiene un constructor con arguments de tipos [class java.math.BigDecimal, class java.lang.String, class java.math.BigDecimal, class java.math.BigDecimal]
10:37:01,904 (main) DEBUG [DataNucleus.Query] - ResultObject set field=ID using reflection
10:37:01,904 (main) DEBUG [DataNucleus.Query] - ResultObject set field=CLAVE using reflection
10:37:01,904 (main) DEBUG [DataNucleus.Query] - La clase de resultado "uniandes.isis2304.parranderos.negocio.Carrito" no tiene un campo publico "sucursal"
10:37:01,904 (main) DEBUG [DataNucleus.Query] - ResultObject set field=SUCURSAL using setSucursal() method after converting value
10:37:01,904 (main) DEBUG [DataNucleus.Query] - La clase de resultado "uniandes.isis2304.parranderos.negocio.Carrito" no tiene un constructor con arguments de tipos [class java.math.BigDecimal, class java.lang.String, class java.math.BigDecimal, class java.math.BigDecimal]
10:37:01,905 (main) DEBUG [DataNucleus.Query] - ResultObject set field=ID using reflection
10:37:01,905 (main) DEBUG [DataNucleus.Query] - ResultObject set field=CLAVE using reflection
10:37:01,905 (main) DEBUG [DataNucleus.Query] - La clase de resultado "uniandes.isis2304.parranderos.negocio.Carrito" no tiene un campo publico "sucursal"
10:37:01,905 (main) DEBUG [DataNucleus.Query] - ResultObject set field=SUCURSAL using setSucursal() method after converting value
10:37:01,914 (main) DEBUG [DataNucleus.Query] - La clase de resultado "uniandes.isis2304.parranderos.negocio.Carrito" no tiene un constructor con arguments de tipos [class java.math.BigDecimal, class java.lang.String, class java.math.BigDecimal, class java.math.BigDecimal]
10:37:01,914 (main) DEBUG [DataNucleus.Query] - ResultObject set field=ID using reflection
10:37:01,914 (main) DEBUG [DataNucleus.Query] - ResultObject set field=CLAVE using reflection
10:37:01,914 (main) DEBUG [DataNucleus.Query] - La clase de resultado "uniandes.isis2304.parranderos.negocio.Carrito" no tiene un campo publico "sucursal"
10:37:01,914 (main) DEBUG [DataNucleus.Query] - ResultObject set field=SUCURSAL using setSucursal() method after converting value
10:37:01,915 (main) DEBUG [DataNucleus.Connection] - ManagedConnection CERRADO : "org.datanucleus.store.rdbms.ConnectionFactoryImpl$ManagedConnectionImpl@53251a66 [conn=org.datanucleus.store.rdbms.datasource.dbcp2.PoolingDataSource$PoolGuardConnectionWrapper@6853425f, commitOnRelease=true, closeOnRelease=true, closeOnTxnEnd=true]" 
10:37:01,924 (main) DEBUG [DataNucleus.Persistence] - ExecutionContext "org.datanucleus.ExecutionContextImpl@1fd14d74" se cerr贸
10:37:01,927 (main) DEBUG [DataNucleus.Connection] - Cerrando ConnectionPool "tx"
10:37:01,927 (main) DEBUG [DataNucleus.Connection] - Cerrando ConnectionPool "nontx"
10:37:01,934 (main) DEBUG [DataNucleus.Persistence] - Desmanejando la persistencia de todas las clases
10:37:01,934 (main) DEBUG [DataNucleus.Cache] - Cache de nivel 2 vaciada.
