12:01:02,599 (main) INFO  [uniandes.isis2304.parranderos.test.Iteracion2Test] - Probando las operaciones CRD sobre abandonarCarrito
12:01:02,712 (main) INFO  [uniandes.isis2304.parranderos.test.Iteracion2Test] - Se encontró un archivo de configuración de tablas válido
12:01:04,649 (main) INFO  [uniandes.isis2304.parranderos.negocio.Parranderos] - Asignación de un carrito con id: 1
12:01:04,649 (main) INFO  [uniandes.isis2304.parranderos.negocio.Parranderos] - Asignación de clave: 1
12:01:04,995 (main) ERROR [uniandes.isis2304.parranderos.persistencia.PersistenciaParranderos] - Exception : El carrito está en uso

12:01:04,996 (main) INFO  [uniandes.isis2304.parranderos.negocio.Parranderos] - Asignación de un carrito con id: 2
12:01:04,996 (main) INFO  [uniandes.isis2304.parranderos.negocio.Parranderos] - Asignación de clave: 1
12:01:05,017 (main) ERROR [uniandes.isis2304.parranderos.persistencia.PersistenciaParranderos] - Exception : El carrito está en uso

12:01:05,018 (main) INFO  [uniandes.isis2304.parranderos.negocio.Parranderos] - Asignación de un carrito con id: 3
12:01:05,018 (main) INFO  [uniandes.isis2304.parranderos.negocio.Parranderos] - Asignación de clave: 1
12:01:05,039 (main) ERROR [uniandes.isis2304.parranderos.persistencia.PersistenciaParranderos] - Exception : El carrito está en uso

12:01:05,040 (main) INFO  [uniandes.isis2304.parranderos.negocio.Parranderos] - Asignación de un carrito con id: 4
12:01:05,040 (main) INFO  [uniandes.isis2304.parranderos.negocio.Parranderos] - Asignación de clave: 1
12:01:05,063 (main) ERROR [uniandes.isis2304.parranderos.persistencia.PersistenciaParranderos] - Exception : El carrito está en uso

12:01:05,063 (main) INFO  [uniandes.isis2304.parranderos.negocio.Parranderos] - Asignación de un carrito con id: 5
12:01:05,063 (main) INFO  [uniandes.isis2304.parranderos.negocio.Parranderos] - Asignación de clave: 1
12:01:05,096 (main) ERROR [uniandes.isis2304.parranderos.persistencia.PersistenciaParranderos] - Exception : El carrito está en uso

12:01:05,096 (main) INFO  [uniandes.isis2304.parranderos.negocio.Parranderos] - Asignación de un carrito con id: 6
12:01:05,096 (main) INFO  [uniandes.isis2304.parranderos.negocio.Parranderos] - Asignación de clave: 1
12:01:05,182 (main) INFO  [uniandes.isis2304.parranderos.negocio.Parranderos] - Carrito [id=6, estado=en uso, clave=1, sucursal=1]
12:01:05,184 (main) INFO  [uniandes.isis2304.parranderos.negocio.Parranderos] - Abandonando carrito: 6
12:01:05,222 (main) ERROR [uniandes.isis2304.parranderos.persistencia.PersistenciaParranderos] - Exception : La contraseña del carrito es incorrecta

12:01:05,222 (main) INFO  [uniandes.isis2304.parranderos.negocio.Parranderos] - Abandonando carrito: 6
12:01:05,222 (main) INFO  [uniandes.isis2304.parranderos.negocio.Parranderos] - Abandonando carrito: 6
12:01:05,312 (main) INFO  [uniandes.isis2304.parranderos.negocio.Parranderos] - Abandonando carrito: 6
12:01:05,352 (main) INFO  [uniandes.isis2304.parranderos.test.Iteracion2Test] - Probando las operaciones CRD sobre recolectarProductos
12:01:05,353 (main) INFO  [uniandes.isis2304.parranderos.test.Iteracion2Test] - Se encontró un archivo de configuración de tablas válido
12:01:05,706 (main) INFO  [uniandes.isis2304.parranderos.negocio.Parranderos] - Asignación de un carrito con id: 1
12:01:05,706 (main) INFO  [uniandes.isis2304.parranderos.negocio.Parranderos] - Asignación de clave: 1
12:01:05,901 (main) ERROR [uniandes.isis2304.parranderos.persistencia.PersistenciaParranderos] - Exception : El carrito está en uso

12:01:05,901 (main) INFO  [uniandes.isis2304.parranderos.negocio.Parranderos] - Asignación de un carrito con id: 2
12:01:05,901 (main) INFO  [uniandes.isis2304.parranderos.negocio.Parranderos] - Asignación de clave: 1
12:01:05,935 (main) ERROR [uniandes.isis2304.parranderos.persistencia.PersistenciaParranderos] - Exception : El carrito está en uso

12:01:05,936 (main) INFO  [uniandes.isis2304.parranderos.negocio.Parranderos] - Asignación de un carrito con id: 3
12:01:05,936 (main) INFO  [uniandes.isis2304.parranderos.negocio.Parranderos] - Asignación de clave: 1
12:01:05,978 (main) ERROR [uniandes.isis2304.parranderos.persistencia.PersistenciaParranderos] - Exception : El carrito está en uso

12:01:05,978 (main) INFO  [uniandes.isis2304.parranderos.negocio.Parranderos] - Asignación de un carrito con id: 4
12:01:05,978 (main) INFO  [uniandes.isis2304.parranderos.negocio.Parranderos] - Asignación de clave: 1
12:01:06,035 (main) ERROR [uniandes.isis2304.parranderos.persistencia.PersistenciaParranderos] - Exception : El carrito está en uso

12:01:06,036 (main) INFO  [uniandes.isis2304.parranderos.negocio.Parranderos] - Asignación de un carrito con id: 5
12:01:06,036 (main) INFO  [uniandes.isis2304.parranderos.negocio.Parranderos] - Asignación de clave: 1
12:01:06,064 (main) ERROR [uniandes.isis2304.parranderos.persistencia.PersistenciaParranderos] - Exception : El carrito está en uso

12:01:06,064 (main) INFO  [uniandes.isis2304.parranderos.negocio.Parranderos] - Asignación de un carrito con id: 6
12:01:06,064 (main) INFO  [uniandes.isis2304.parranderos.negocio.Parranderos] - Asignación de clave: 1
12:01:06,283 (main) INFO  [uniandes.isis2304.parranderos.negocio.Parranderos] - Carrito [id=6, estado=en uso, clave=1, sucursal=1]
12:01:06,283 (main) INFO  [uniandes.isis2304.parranderos.negocio.Parranderos] - Adicionando producto: 1 al carrito: 6
12:01:06,350 (main) INFO  [uniandes.isis2304.parranderos.negocio.Parranderos] - Adicionando producto: 1 al carrito: 6
12:01:06,351 (main) INFO  [uniandes.isis2304.parranderos.negocio.Parranderos] - Adicionando producto: 2 al carrito: 6
12:01:06,460 (main) INFO  [uniandes.isis2304.parranderos.negocio.Parranderos] - Adicionando producto: 2 al carrito: 6
12:01:06,460 (main) INFO  [uniandes.isis2304.parranderos.negocio.Parranderos] - Adicionando producto: 3 al carrito: 6
12:01:06,517 (main) INFO  [uniandes.isis2304.parranderos.negocio.Parranderos] - Adicionando producto: 3 al carrito: 6
12:01:06,517 (main) INFO  [uniandes.isis2304.parranderos.negocio.Parranderos] - Obteniendo estante con producto: 1 de la sucursal: 1
12:01:06,553 (main) INFO  [uniandes.isis2304.parranderos.negocio.Parranderos] - Obteniendo estante con producto: 1 de la sucursal: 1: listo!
12:01:06,553 (main) INFO  [uniandes.isis2304.parranderos.negocio.Parranderos] - Obteniendo estante con producto: 2 de la sucursal: 1
12:01:06,592 (main) INFO  [uniandes.isis2304.parranderos.negocio.Parranderos] - Obteniendo estante con producto: 2 de la sucursal: 1: listo!
12:01:06,593 (main) INFO  [uniandes.isis2304.parranderos.negocio.Parranderos] - Obteniendo estante con producto: 3 de la sucursal: 1
12:01:06,624 (main) INFO  [uniandes.isis2304.parranderos.negocio.Parranderos] - Obteniendo estante con producto: 3 de la sucursal: 1: listo!
12:01:06,624 (main) INFO  [uniandes.isis2304.parranderos.negocio.Parranderos] - Abandonando carrito: 6
12:01:06,652 (main) ERROR [uniandes.isis2304.parranderos.persistencia.PersistenciaParranderos] - Exception : La contraseña del carrito es incorrecta

12:01:06,652 (main) INFO  [uniandes.isis2304.parranderos.negocio.Parranderos] - Abandonando carrito: 6
12:01:06,652 (main) INFO  [uniandes.isis2304.parranderos.negocio.Parranderos] - Abandonando carrito: 6
12:01:06,751 (main) INFO  [uniandes.isis2304.parranderos.negocio.Parranderos] - Abandonando carrito: 6
12:01:06,751 (main) INFO  [uniandes.isis2304.parranderos.negocio.Parranderos] - Recolectando productos de carritos abandonados y restableciendo existencias
12:01:06,848 (main) INFO  [uniandes.isis2304.parranderos.negocio.Parranderos] - Recolectando productos de carritos abandonados y restableciendo existencias: Listo!
12:01:06,848 (main) INFO  [uniandes.isis2304.parranderos.negocio.Parranderos] - Obteniendo todos los contiene por carrito
12:01:06,869 (main) INFO  [uniandes.isis2304.parranderos.negocio.Parranderos] - Obteniendo todos los contiene por carrito: listo!
12:01:06,895 (main) INFO  [uniandes.isis2304.parranderos.test.Iteracion2Test] - Probando las operaciones CRD sobre adicionarProducto
12:01:06,898 (main) INFO  [uniandes.isis2304.parranderos.test.Iteracion2Test] - Se encontró un archivo de configuración de tablas válido
12:01:07,373 (main) INFO  [uniandes.isis2304.parranderos.negocio.Parranderos] - Asignación de un carrito con id: 1
12:01:07,373 (main) INFO  [uniandes.isis2304.parranderos.negocio.Parranderos] - Asignación de clave: 1
12:01:07,625 (main) ERROR [uniandes.isis2304.parranderos.persistencia.PersistenciaParranderos] - Exception : El carrito está en uso

12:01:07,625 (main) INFO  [uniandes.isis2304.parranderos.negocio.Parranderos] - Asignación de un carrito con id: 2
12:01:07,625 (main) INFO  [uniandes.isis2304.parranderos.negocio.Parranderos] - Asignación de clave: 1
12:01:07,667 (main) ERROR [uniandes.isis2304.parranderos.persistencia.PersistenciaParranderos] - Exception : El carrito está en uso

12:01:07,668 (main) INFO  [uniandes.isis2304.parranderos.negocio.Parranderos] - Asignación de un carrito con id: 3
12:01:07,668 (main) INFO  [uniandes.isis2304.parranderos.negocio.Parranderos] - Asignación de clave: 1
12:01:07,715 (main) ERROR [uniandes.isis2304.parranderos.persistencia.PersistenciaParranderos] - Exception : El carrito está en uso

12:01:07,715 (main) INFO  [uniandes.isis2304.parranderos.negocio.Parranderos] - Asignación de un carrito con id: 4
12:01:07,715 (main) INFO  [uniandes.isis2304.parranderos.negocio.Parranderos] - Asignación de clave: 1
12:01:07,757 (main) ERROR [uniandes.isis2304.parranderos.persistencia.PersistenciaParranderos] - Exception : El carrito está en uso

12:01:07,757 (main) INFO  [uniandes.isis2304.parranderos.negocio.Parranderos] - Asignación de un carrito con id: 5
12:01:07,757 (main) INFO  [uniandes.isis2304.parranderos.negocio.Parranderos] - Asignación de clave: 1
12:01:07,779 (main) ERROR [uniandes.isis2304.parranderos.persistencia.PersistenciaParranderos] - Exception : El carrito está en uso

12:01:07,779 (main) INFO  [uniandes.isis2304.parranderos.negocio.Parranderos] - Asignación de un carrito con id: 6
12:01:07,779 (main) INFO  [uniandes.isis2304.parranderos.negocio.Parranderos] - Asignación de clave: 1
12:01:07,907 (main) INFO  [uniandes.isis2304.parranderos.negocio.Parranderos] - Carrito [id=6, estado=en uso, clave=1, sucursal=1]
12:01:07,907 (main) INFO  [uniandes.isis2304.parranderos.negocio.Parranderos] - Obteniendo estante con producto: 1 de la sucursal: 1
12:01:07,965 (main) INFO  [uniandes.isis2304.parranderos.negocio.Parranderos] - Obteniendo estante con producto: 1 de la sucursal: 1: listo!
12:01:07,965 (main) INFO  [uniandes.isis2304.parranderos.negocio.Parranderos] - Adicionando producto: 1 al carrito: 6
12:01:08,046 (main) INFO  [uniandes.isis2304.parranderos.negocio.Parranderos] - Adicionando producto: 1 al carrito: 6
12:01:08,046 (main) INFO  [uniandes.isis2304.parranderos.negocio.Parranderos] - Obteniendo estante con producto: 1 de la sucursal: 1
12:01:08,083 (main) INFO  [uniandes.isis2304.parranderos.negocio.Parranderos] - Obteniendo estante con producto: 1 de la sucursal: 1: listo!
12:01:08,083 (main) INFO  [uniandes.isis2304.parranderos.negocio.Parranderos] - Obteniendo estante con producto: 1 de la sucursal: 1
12:01:08,123 (main) INFO  [uniandes.isis2304.parranderos.negocio.Parranderos] - Obteniendo estante con producto: 1 de la sucursal: 1: listo!
12:01:08,123 (main) INFO  [uniandes.isis2304.parranderos.negocio.Parranderos] - Adicionando producto: 2 al carrito: 6
12:01:08,186 (main) INFO  [uniandes.isis2304.parranderos.negocio.Parranderos] - Adicionando producto: 2 al carrito: 6
12:01:08,202 (main) INFO  [uniandes.isis2304.parranderos.test.Iteracion2Test] - Probando las operaciones CRD sobre asignarCarrito
12:01:08,203 (main) INFO  [uniandes.isis2304.parranderos.test.Iteracion2Test] - Se encontró un archivo de configuración de tablas válido
12:01:08,549 (main) INFO  [uniandes.isis2304.parranderos.negocio.Parranderos] - Asignación de un carrito con id: 1
12:01:08,549 (main) INFO  [uniandes.isis2304.parranderos.negocio.Parranderos] - Asignación de clave: 1
12:01:08,726 (main) ERROR [uniandes.isis2304.parranderos.persistencia.PersistenciaParranderos] - Exception : El carrito está en uso

12:01:08,726 (main) INFO  [uniandes.isis2304.parranderos.negocio.Parranderos] - Asignación de un carrito con id: 2
12:01:08,726 (main) INFO  [uniandes.isis2304.parranderos.negocio.Parranderos] - Asignación de clave: 1
12:01:08,767 (main) ERROR [uniandes.isis2304.parranderos.persistencia.PersistenciaParranderos] - Exception : El carrito está en uso

12:01:08,767 (main) INFO  [uniandes.isis2304.parranderos.negocio.Parranderos] - Asignación de un carrito con id: 3
12:01:08,767 (main) INFO  [uniandes.isis2304.parranderos.negocio.Parranderos] - Asignación de clave: 1
12:01:08,799 (main) ERROR [uniandes.isis2304.parranderos.persistencia.PersistenciaParranderos] - Exception : El carrito está en uso

12:01:08,799 (main) INFO  [uniandes.isis2304.parranderos.negocio.Parranderos] - Asignación de un carrito con id: 4
12:01:08,799 (main) INFO  [uniandes.isis2304.parranderos.negocio.Parranderos] - Asignación de clave: 1
12:01:08,842 (main) ERROR [uniandes.isis2304.parranderos.persistencia.PersistenciaParranderos] - Exception : El carrito está en uso

12:01:08,842 (main) INFO  [uniandes.isis2304.parranderos.negocio.Parranderos] - Asignación de un carrito con id: 5
12:01:08,842 (main) INFO  [uniandes.isis2304.parranderos.negocio.Parranderos] - Asignación de clave: 1
12:01:08,871 (main) ERROR [uniandes.isis2304.parranderos.persistencia.PersistenciaParranderos] - Exception : El carrito está en uso

12:01:08,872 (main) INFO  [uniandes.isis2304.parranderos.negocio.Parranderos] - Asignación de un carrito con id: 6
12:01:08,872 (main) INFO  [uniandes.isis2304.parranderos.negocio.Parranderos] - Asignación de clave: 1
12:01:09,053 (main) ERROR [uniandes.isis2304.parranderos.persistencia.PersistenciaParranderos] - Exception : El carrito está en uso

12:01:09,053 (main) INFO  [uniandes.isis2304.parranderos.negocio.Parranderos] - Asignación de un carrito con id: 7
12:01:09,053 (main) INFO  [uniandes.isis2304.parranderos.negocio.Parranderos] - Asignación de clave: 1
12:01:09,185 (main) INFO  [uniandes.isis2304.parranderos.negocio.Parranderos] - Carrito [id=7, estado=en uso, clave=1, sucursal=1]
12:01:09,206 (main) INFO  [uniandes.isis2304.parranderos.test.Iteracion2Test] - Probando las operaciones CRD sobre devolverProducto
12:01:09,206 (main) INFO  [uniandes.isis2304.parranderos.test.Iteracion2Test] - Se encontró un archivo de configuración de tablas válido
12:01:09,690 (main) INFO  [uniandes.isis2304.parranderos.negocio.Parranderos] - Asignación de un carrito con id: 1
12:01:09,690 (main) INFO  [uniandes.isis2304.parranderos.negocio.Parranderos] - Asignación de clave: 1
12:01:09,947 (main) ERROR [uniandes.isis2304.parranderos.persistencia.PersistenciaParranderos] - Exception : El carrito está en uso

12:01:09,947 (main) INFO  [uniandes.isis2304.parranderos.negocio.Parranderos] - Asignación de un carrito con id: 2
12:01:09,947 (main) INFO  [uniandes.isis2304.parranderos.negocio.Parranderos] - Asignación de clave: 1
12:01:09,975 (main) ERROR [uniandes.isis2304.parranderos.persistencia.PersistenciaParranderos] - Exception : El carrito está en uso

12:01:09,975 (main) INFO  [uniandes.isis2304.parranderos.negocio.Parranderos] - Asignación de un carrito con id: 3
12:01:09,975 (main) INFO  [uniandes.isis2304.parranderos.negocio.Parranderos] - Asignación de clave: 1
12:01:10,016 (main) ERROR [uniandes.isis2304.parranderos.persistencia.PersistenciaParranderos] - Exception : El carrito está en uso

12:01:10,016 (main) INFO  [uniandes.isis2304.parranderos.negocio.Parranderos] - Asignación de un carrito con id: 4
12:01:10,016 (main) INFO  [uniandes.isis2304.parranderos.negocio.Parranderos] - Asignación de clave: 1
12:01:10,351 (main) ERROR [uniandes.isis2304.parranderos.persistencia.PersistenciaParranderos] - Exception : El carrito está en uso

12:01:10,351 (main) INFO  [uniandes.isis2304.parranderos.negocio.Parranderos] - Asignación de un carrito con id: 5
12:01:10,352 (main) INFO  [uniandes.isis2304.parranderos.negocio.Parranderos] - Asignación de clave: 1
12:01:10,374 (main) ERROR [uniandes.isis2304.parranderos.persistencia.PersistenciaParranderos] - Exception : El carrito está en uso

12:01:10,374 (main) INFO  [uniandes.isis2304.parranderos.negocio.Parranderos] - Asignación de un carrito con id: 6
12:01:10,374 (main) INFO  [uniandes.isis2304.parranderos.negocio.Parranderos] - Asignación de clave: 1
12:01:10,414 (main) ERROR [uniandes.isis2304.parranderos.persistencia.PersistenciaParranderos] - Exception : El carrito está en uso

12:01:10,414 (main) INFO  [uniandes.isis2304.parranderos.negocio.Parranderos] - Asignación de un carrito con id: 7
12:01:10,414 (main) INFO  [uniandes.isis2304.parranderos.negocio.Parranderos] - Asignación de clave: 1
12:01:10,521 (main) ERROR [uniandes.isis2304.parranderos.persistencia.PersistenciaParranderos] - Exception : El carrito está en uso

12:01:10,522 (main) INFO  [uniandes.isis2304.parranderos.negocio.Parranderos] - Asignación de un carrito con id: 8
12:01:10,522 (main) INFO  [uniandes.isis2304.parranderos.negocio.Parranderos] - Asignación de clave: 1
12:01:10,769 (main) INFO  [uniandes.isis2304.parranderos.negocio.Parranderos] - Carrito [id=8, estado=en uso, clave=1, sucursal=1]
12:01:10,769 (main) INFO  [uniandes.isis2304.parranderos.negocio.Parranderos] - Obteniendo estante con producto: 1 de la sucursal: 1
12:01:10,796 (main) INFO  [uniandes.isis2304.parranderos.negocio.Parranderos] - Obteniendo estante con producto: 1 de la sucursal: 1: listo!
12:01:10,796 (main) INFO  [uniandes.isis2304.parranderos.negocio.Parranderos] - Adicionando producto: 1 al carrito: 8
12:01:10,883 (main) ERROR [uniandes.isis2304.parranderos.persistencia.PersistenciaParranderos] - Exception : Error con la ejecucion de Query de SQL "INSERT INTO A_CONTIENE(producto, cantidad, carrito) values (?, ?, ?)".
ORA-00001: restricción única (ISIS2304A101820.A_CONTIENE_PK) violada

12:01:10,896 (main) INFO  [uniandes.isis2304.parranderos.negocio.Parranderos] - Adicionando producto: 1 al carrito: 8
12:01:10,896 (main) INFO  [uniandes.isis2304.parranderos.negocio.Parranderos] - Obteniendo estante con producto: 1 de la sucursal: 1
12:01:10,917 (main) INFO  [uniandes.isis2304.parranderos.negocio.Parranderos] - Obteniendo estante con producto: 1 de la sucursal: 1: listo!
12:01:10,943 (main) INFO  [uniandes.isis2304.parranderos.test.Iteracion2Test] - Probando las operaciones CRD sobre pagarCompra
12:01:10,945 (main) INFO  [uniandes.isis2304.parranderos.test.Iteracion2Test] - Se encontró un archivo de configuración de tablas válido
12:01:11,319 (main) INFO  [uniandes.isis2304.parranderos.negocio.Parranderos] - Asignación de un carrito con id: 1
12:01:11,319 (main) INFO  [uniandes.isis2304.parranderos.negocio.Parranderos] - Asignación de clave: 1
12:01:11,608 (main) ERROR [uniandes.isis2304.parranderos.persistencia.PersistenciaParranderos] - Exception : El carrito está en uso

12:01:11,608 (main) INFO  [uniandes.isis2304.parranderos.negocio.Parranderos] - Asignación de un carrito con id: 2
12:01:11,608 (main) INFO  [uniandes.isis2304.parranderos.negocio.Parranderos] - Asignación de clave: 1
12:01:11,646 (main) ERROR [uniandes.isis2304.parranderos.persistencia.PersistenciaParranderos] - Exception : El carrito está en uso

12:01:11,647 (main) INFO  [uniandes.isis2304.parranderos.negocio.Parranderos] - Asignación de un carrito con id: 3
12:01:11,647 (main) INFO  [uniandes.isis2304.parranderos.negocio.Parranderos] - Asignación de clave: 1
12:01:11,669 (main) ERROR [uniandes.isis2304.parranderos.persistencia.PersistenciaParranderos] - Exception : El carrito está en uso

12:01:11,669 (main) INFO  [uniandes.isis2304.parranderos.negocio.Parranderos] - Asignación de un carrito con id: 4
12:01:11,669 (main) INFO  [uniandes.isis2304.parranderos.negocio.Parranderos] - Asignación de clave: 1
12:01:11,735 (main) ERROR [uniandes.isis2304.parranderos.persistencia.PersistenciaParranderos] - Exception : El carrito está en uso

12:01:11,736 (main) INFO  [uniandes.isis2304.parranderos.negocio.Parranderos] - Asignación de un carrito con id: 5
12:01:11,736 (main) INFO  [uniandes.isis2304.parranderos.negocio.Parranderos] - Asignación de clave: 1
12:01:11,760 (main) ERROR [uniandes.isis2304.parranderos.persistencia.PersistenciaParranderos] - Exception : El carrito está en uso

12:01:11,760 (main) INFO  [uniandes.isis2304.parranderos.negocio.Parranderos] - Asignación de un carrito con id: 6
12:01:11,760 (main) INFO  [uniandes.isis2304.parranderos.negocio.Parranderos] - Asignación de clave: 1
12:01:11,788 (main) ERROR [uniandes.isis2304.parranderos.persistencia.PersistenciaParranderos] - Exception : El carrito está en uso

12:01:11,788 (main) INFO  [uniandes.isis2304.parranderos.negocio.Parranderos] - Asignación de un carrito con id: 7
12:01:11,788 (main) INFO  [uniandes.isis2304.parranderos.negocio.Parranderos] - Asignación de clave: 1
12:01:11,838 (main) ERROR [uniandes.isis2304.parranderos.persistencia.PersistenciaParranderos] - Exception : El carrito está en uso

12:01:11,838 (main) INFO  [uniandes.isis2304.parranderos.negocio.Parranderos] - Asignación de un carrito con id: 8
12:01:11,838 (main) INFO  [uniandes.isis2304.parranderos.negocio.Parranderos] - Asignación de clave: 1
12:01:11,881 (main) ERROR [uniandes.isis2304.parranderos.persistencia.PersistenciaParranderos] - Exception : El carrito está en uso

12:01:11,881 (main) INFO  [uniandes.isis2304.parranderos.negocio.Parranderos] - Asignación de un carrito con id: 9
12:01:11,881 (main) INFO  [uniandes.isis2304.parranderos.negocio.Parranderos] - Asignación de clave: 1
12:01:11,984 (main) INFO  [uniandes.isis2304.parranderos.negocio.Parranderos] - Carrito [id=9, estado=en uso, clave=1, sucursal=1]
12:01:11,985 (main) INFO  [uniandes.isis2304.parranderos.negocio.Parranderos] - Adicionando producto: 1 al carrito: 9
12:01:12,042 (main) INFO  [uniandes.isis2304.parranderos.negocio.Parranderos] - Adicionando producto: 1 al carrito: 9
12:01:12,042 (main) INFO  [uniandes.isis2304.parranderos.negocio.Parranderos] - Adicionando producto: 2 al carrito: 9
12:01:12,095 (main) INFO  [uniandes.isis2304.parranderos.negocio.Parranderos] - Adicionando producto: 2 al carrito: 9
12:01:12,095 (main) INFO  [uniandes.isis2304.parranderos.negocio.Parranderos] - Adicionando producto: 3 al carrito: 9
12:01:12,145 (main) INFO  [uniandes.isis2304.parranderos.negocio.Parranderos] - Adicionando producto: 3 al carrito: 9
12:01:12,145 (main) INFO  [uniandes.isis2304.parranderos.negocio.Parranderos] - Obteniendo estante con producto: 1 de la sucursal: 1
12:01:12,169 (main) INFO  [uniandes.isis2304.parranderos.negocio.Parranderos] - Obteniendo estante con producto: 1 de la sucursal: 1: listo!
12:01:12,169 (main) INFO  [uniandes.isis2304.parranderos.negocio.Parranderos] - Obteniendo estante con producto: 2 de la sucursal: 1
12:01:12,190 (main) INFO  [uniandes.isis2304.parranderos.negocio.Parranderos] - Obteniendo estante con producto: 2 de la sucursal: 1: listo!
12:01:12,190 (main) INFO  [uniandes.isis2304.parranderos.negocio.Parranderos] - Obteniendo estante con producto: 3 de la sucursal: 1
12:01:12,227 (main) INFO  [uniandes.isis2304.parranderos.negocio.Parranderos] - Obteniendo estante con producto: 3 de la sucursal: 1: listo!
12:01:12,229 (main) INFO  [uniandes.isis2304.parranderos.negocio.Parranderos] - Pagando compra para el carrito:9
12:01:12,359 (main) ERROR [uniandes.isis2304.parranderos.persistencia.PersistenciaParranderos] - Exception : Error con la ejecucion de Query de SQL "INSERT INTO A_FACTURA(numero, fecha, idcliente, sucursal) values (?, ?, ?, ?)".
ORA-02291: restricción de integridad (ISIS2304A101820.FK_FACTURA_CLIENTE) violada - clave principal no encontrada

12:01:12,394 (main) INFO  [uniandes.isis2304.parranderos.negocio.Parranderos] - Pagando compra para el carrito:9hecho.
12:09:39,109 (main) INFO  [uniandes.isis2304.parranderos.test.Iteracion2Test] - Probando las operaciones CRD sobre abandonarCarrito
12:09:39,189 (main) INFO  [uniandes.isis2304.parranderos.test.Iteracion2Test] - Se encontró un archivo de configuración de tablas válido
12:09:41,057 (main) INFO  [uniandes.isis2304.parranderos.negocio.Parranderos] - Asignación de un carrito con id: 1
12:09:41,057 (main) INFO  [uniandes.isis2304.parranderos.negocio.Parranderos] - Asignación de clave: 1
12:09:41,520 (main) INFO  [uniandes.isis2304.parranderos.negocio.Parranderos] - Carrito [id=1, estado=en uso, clave=1, sucursal=1]
12:09:41,520 (main) INFO  [uniandes.isis2304.parranderos.negocio.Parranderos] - Abandonando carrito: 1
12:09:41,548 (main) ERROR [uniandes.isis2304.parranderos.persistencia.PersistenciaParranderos] - Exception : La contraseña del carrito es incorrecta

12:09:41,548 (main) INFO  [uniandes.isis2304.parranderos.negocio.Parranderos] - Abandonando carrito: 1
12:09:41,549 (main) INFO  [uniandes.isis2304.parranderos.negocio.Parranderos] - Abandonando carrito: 1
12:09:41,666 (main) INFO  [uniandes.isis2304.parranderos.negocio.Parranderos] - Abandonando carrito: 1
12:10:58,496 (main) INFO  [uniandes.isis2304.parranderos.test.Iteracion2Test] - Probando las operaciones CRD sobre adicionarProducto
12:10:58,602 (main) INFO  [uniandes.isis2304.parranderos.test.Iteracion2Test] - Se encontró un archivo de configuración de tablas válido
12:11:00,511 (main) INFO  [uniandes.isis2304.parranderos.negocio.Parranderos] - Asignación de un carrito con id: 1
12:11:00,512 (main) INFO  [uniandes.isis2304.parranderos.negocio.Parranderos] - Asignación de clave: 1
12:11:00,964 (main) INFO  [uniandes.isis2304.parranderos.negocio.Parranderos] - Carrito [id=1, estado=en uso, clave=1, sucursal=1]
12:11:00,964 (main) INFO  [uniandes.isis2304.parranderos.negocio.Parranderos] - Obteniendo estante con producto: 1 de la sucursal: 1
12:11:00,997 (main) INFO  [uniandes.isis2304.parranderos.negocio.Parranderos] - Obteniendo estante con producto: 1 de la sucursal: 1: listo!
12:11:00,997 (main) INFO  [uniandes.isis2304.parranderos.negocio.Parranderos] - Adicionando producto: 1 al carrito: 1
12:11:01,057 (main) ERROR [uniandes.isis2304.parranderos.persistencia.PersistenciaParranderos] - Exception : Error con la ejecucion de Query de SQL "UPDATE A_ALMACENAMIENTO SET existencias = existencias - ? WHERE producto = ? AND sucursal = ? AND tipo = ?".
ORA-02290: restricción de control (ISIS2304A101820.CK_AL_EXISTENCIAS) violada

12:11:01,071 (main) INFO  [uniandes.isis2304.parranderos.negocio.Parranderos] - Adicionando producto: 1 al carrito: 1
12:11:01,072 (main) INFO  [uniandes.isis2304.parranderos.negocio.Parranderos] - Obteniendo estante con producto: 1 de la sucursal: 1
12:11:01,100 (main) INFO  [uniandes.isis2304.parranderos.negocio.Parranderos] - Obteniendo estante con producto: 1 de la sucursal: 1: listo!
12:16:10,014 (main) INFO  [uniandes.isis2304.parranderos.test.Iteracion2Test] - Probando las operaciones CRD sobre adicionarProducto
12:16:10,086 (main) INFO  [uniandes.isis2304.parranderos.test.Iteracion2Test] - Se encontró un archivo de configuración de tablas válido
12:16:11,915 (main) INFO  [uniandes.isis2304.parranderos.negocio.Parranderos] - Asignación de un carrito con id: 1
12:16:11,915 (main) INFO  [uniandes.isis2304.parranderos.negocio.Parranderos] - Asignación de clave: 1
12:16:12,192 (main) ERROR [uniandes.isis2304.parranderos.persistencia.PersistenciaParranderos] - Exception : El carrito está en uso

12:16:12,193 (main) INFO  [uniandes.isis2304.parranderos.negocio.Parranderos] - Asignación de un carrito con id: 2
12:16:12,193 (main) INFO  [uniandes.isis2304.parranderos.negocio.Parranderos] - Asignación de clave: 1
12:16:12,259 (main) INFO  [uniandes.isis2304.parranderos.negocio.Parranderos] - Carrito [id=2, estado=en uso, clave=1, sucursal=1]
12:16:12,260 (main) INFO  [uniandes.isis2304.parranderos.negocio.Parranderos] - Obteniendo estante con producto: 1 de la sucursal: 1
12:16:12,288 (main) INFO  [uniandes.isis2304.parranderos.negocio.Parranderos] - Obteniendo estante con producto: 1 de la sucursal: 1: listo!
12:16:12,288 (main) INFO  [uniandes.isis2304.parranderos.negocio.Parranderos] - Adicionando producto: 1 al carrito: 2
12:16:12,341 (main) INFO  [uniandes.isis2304.parranderos.negocio.Parranderos] - Adicionando producto: 1 al carrito: 2
12:16:12,341 (main) INFO  [uniandes.isis2304.parranderos.negocio.Parranderos] - Obteniendo estante con producto: 1 de la sucursal: 1
12:16:12,366 (main) INFO  [uniandes.isis2304.parranderos.negocio.Parranderos] - Obteniendo estante con producto: 1 de la sucursal: 1: listo!
12:16:12,366 (main) INFO  [uniandes.isis2304.parranderos.negocio.Parranderos] - Obteniendo estante con producto: 1 de la sucursal: 1
12:16:12,394 (main) INFO  [uniandes.isis2304.parranderos.negocio.Parranderos] - Obteniendo estante con producto: 1 de la sucursal: 1: listo!
12:16:12,394 (main) INFO  [uniandes.isis2304.parranderos.negocio.Parranderos] - Adicionando producto: 2 al carrito: 2
12:16:12,462 (main) INFO  [uniandes.isis2304.parranderos.negocio.Parranderos] - Adicionando producto: 2 al carrito: 2
12:16:12,462 (main) INFO  [uniandes.isis2304.parranderos.negocio.Parranderos] - Abandonando carrito: 2
12:16:12,542 (main) INFO  [uniandes.isis2304.parranderos.negocio.Parranderos] - Abandonando carrito: 2
14:41:47,021 (main) INFO  [uniandes.isis2304.parranderos.interfazApp.InterfazParranderosApp] - Se encontró un archivo de configuración válido: Interfaz
14:41:47,022 (main) INFO  [uniandes.isis2304.parranderos.interfazApp.InterfazParranderosApp] - Se aplica configuración indicada en el archivo de configuración
14:41:47,047 (main) INFO  [uniandes.isis2304.parranderos.interfazApp.InterfazParranderosApp] - Se encontró un archivo de configuración válido: Tablas BD
